<?xml version="1.0" encoding="UTF-8"?>
<!-- Generated by org.testng.reporters.JUnitReportReporter -->
<testsuite hostname="Suparnas-MBP.attlocal.net" name="com.test.testng.AnnotationTest2" tests="1" failures="0" timestamp="15 Apr 2023 16:02:18 GMT" time="0.003" errors="0">
  <testcase name="test06" time="0.003" classname="com.test.testng.AnnotationTest2"/>
</testsuite> <!-- com.test.testng.AnnotationTest2 -->
