<?xml version="1.0" encoding="UTF-8"?>
<!-- Generated by org.testng.reporters.JUnitReportReporter -->
<testsuite hostname="Suparnas-MBP.attlocal.net" name="com.test.stream.ReadFromFileAndSort" tests="1" failures="0" timestamp="14 Apr 2023 22:22:02 GMT" time="0.028" errors="0">
  <testcase name="mapTest02_wordFrequency" time="0.028" classname="com.test.stream.ReadFromFileAndSort"/>
</testsuite> <!-- com.test.stream.ReadFromFileAndSort -->
