<?xml version="1.0" encoding="UTF-8"?>
<!-- Generated by org.testng.reporters.JUnitReportReporter -->
<testsuite hostname="Suparnas-MBP.attlocal.net" name="com.test.testng.AnnotationTest" tests="3" failures="0" timestamp="15 Apr 2023 15:34:56 GMT" time="0.005" errors="0">
  <testcase name="firstTest" time="0.003" classname="com.test.testng.AnnotationTest"/>
  <testcase name="secondTest" time="0.001" classname="com.test.testng.AnnotationTest"/>
  <testcase name="thirdTest" time="0.001" classname="com.test.testng.AnnotationTest"/>
</testsuite> <!-- com.test.testng.AnnotationTest -->
