<?xml version="1.0" encoding="UTF-8"?>
<!-- Generated by org.testng.reporters.JUnitReportReporter -->
<testsuite hostname="Suparnas-MBP.attlocal.net" name="com.test.stream.TotalGroceryPrice" tests="1" failures="0" timestamp="14 Apr 2023 23:57:27 GMT" time="0.025" errors="0">
  <testcase name="mapTest02_wordFrequency" time="0.025" classname="com.test.stream.TotalGroceryPrice"/>
</testsuite> <!-- com.test.stream.TotalGroceryPrice -->
