<?xml version="1.0" encoding="UTF-8"?>
<!-- Generated by org.testng.reporters.JUnitReportReporter -->
<testsuite hostname="Suparnas-MBP.attlocal.net" name="com.test.testng.AnnotationTest1" tests="1" failures="0" timestamp="15 Apr 2023 16:12:25 GMT" time="0.004" errors="0">
  <testcase name="test05" time="0.004" classname="com.test.testng.AnnotationTest1"/>
</testsuite> <!-- com.test.testng.AnnotationTest1 -->
