<?xml version="1.0" encoding="UTF-8"?>
<!-- Generated by org.testng.reporters.JUnitReportReporter -->
<testsuite hostname="Suparnas-MBP.attlocal.net" name="com.test.restassured.RestApiWithAuthentication" tests="1" failures="0" timestamp="27 Nov 2023 04:26:00 GMT" time="2.214" errors="0">
  <testcase name="testBasicAuthetication" time="2.214" classname="com.test.restassured.RestApiWithAuthentication"/>
</testsuite> <!-- com.test.restassured.RestApiWithAuthentication -->
