<?xml version="1.0" encoding="UTF-8"?>
<!-- Generated by org.testng.reporters.JUnitReportReporter -->
<testsuite hostname="Suparnas-MBP.attlocal.net" name="com.test.testng.ListerDemoTest" tests="1" failures="0" timestamp="7 Dec 2023 02:46:59 GMT" time="0.578" errors="0">
  <testcase name="launchApp" time="0.578" classname="com.test.testng.ListerDemoTest"/>
</testsuite> <!-- com.test.testng.ListerDemoTest -->
