<?xml version="1.0" encoding="UTF-8"?>
<!-- Generated by org.testng.reporters.JUnitReportReporter -->
<testsuite hostname="Suparnas-MBP.attlocal.net" name="com.test.map.PriceList" tests="1" failures="0" timestamp="17 Apr 2023 00:58:16 GMT" time="0.008" errors="0">
  <testcase name="test_01getPrice" time="0.008" classname="com.test.map.PriceList"/>
</testsuite> <!-- com.test.map.PriceList -->
