<?xml version="1.0" encoding="UTF-8"?>
<!-- Generated by org.testng.reporters.JUnitReportReporter -->
<testsuite hostname="Suparnas-MBP.attlocal.net" name="com.test.map.Employee" tests="1" failures="0" timestamp="14 Apr 2023 22:02:54 GMT" time="0.008" errors="0">
  <testcase name="printSortedList" time="0.008" classname="com.test.map.Employee"/>
</testsuite> <!-- com.test.map.Employee -->
