<?xml version="1.0" encoding="UTF-8"?>
<!-- Generated by org.testng.reporters.JUnitReportReporter -->
<testsuite hostname="Suparnas-MBP.attlocal.net" name="com.test.restassured.NewTest" tests="1" failures="0" timestamp="26 May 2023 17:59:02 GMT" time="1.918" errors="0">
  <testcase name="test_PostCallData" time="1.918" classname="com.test.restassured.NewTest"/>
</testsuite> <!-- com.test.restassured.NewTest -->
