<?xml version="1.0" encoding="UTF-8"?>
<!-- Generated by org.testng.reporters.JUnitReportReporter -->
<testsuite hostname="Suparnas-MBP.attlocal.net" name="com.test.map.GroceryBill" tests="1" failures="0" timestamp="17 Apr 2023 03:06:20 GMT" time="0.026" errors="0">
  <testcase name="readFromBothFile" time="0.026" classname="com.test.map.GroceryBill"/>
</testsuite> <!-- com.test.map.GroceryBill -->
