<?xml version="1.0" encoding="UTF-8"?>
<!-- Generated by org.testng.reporters.JUnitReportReporter -->
<testsuite hostname="Suparnas-MBP.attlocal.net" name="com.test.restassured.ReqresTest" tests="1" failures="0" timestamp="25 May 2023 01:58:29 GMT" time="2.085" errors="0">
  <testcase name="test_01" time="2.085" classname="com.test.restassured.ReqresTest"/>
</testsuite> <!-- com.test.restassured.ReqresTest -->
