<?xml version="1.0" encoding="UTF-8"?>
<!-- Generated by org.testng.reporters.JUnitReportReporter -->
<testsuite hostname="Suparnas-MBP.attlocal.net" name="com.test.testng.Base" tests="1" failures="0" timestamp="10 Dec 2023 02:53:51 GMT" time="0.005" errors="0">
  <testcase name="test05" time="0.005" classname="com.test.testng.Base"/>
</testsuite> <!-- com.test.testng.Base -->
