<?xml version="1.0" encoding="UTF-8"?>
<!-- Generated by org.testng.reporters.JUnitReportReporter -->
<testsuite hostname="Suparnas-MBP.attlocal.net" name="com.test.selenium.TestAllureReport" tests="1" failures="0" timestamp="22 Jun 2023 00:54:54 GMT" time="0.005" errors="0">
  <testcase name="test5" time="0.005" classname="com.test.selenium.TestAllureReport"/>
</testsuite> <!-- com.test.selenium.TestAllureReport -->
