<?xml version="1.0" encoding="UTF-8"?>
<!-- Generated by org.testng.reporters.JUnitReportReporter -->
<testsuite hostname="Suparnas-MBP.attlocal.net" name="com.test.restassured.SamplePojoForDeserialization" tests="1" failures="0" timestamp="21 Nov 2023 05:08:01 GMT" time="2.689" errors="0">
  <testcase name="testPostUsingPOJO" time="2.689" classname="com.test.restassured.SamplePojoForDeserialization"/>
</testsuite> <!-- com.test.restassured.SamplePojoForDeserialization -->
