<?xml version="1.0" encoding="UTF-8"?>
<!-- Generated by org.testng.reporters.JUnitReportReporter -->
<testsuite hostname="Suparnas-MBP.attlocal.net" name="com.test.restassured.ReqresTest3" tests="1" failures="0" timestamp="15 Nov 2023 04:26:09 GMT" time="1.937" errors="0">
  <testcase name="test_02" time="1.937" classname="com.test.restassured.ReqresTest3"/>
</testsuite> <!-- com.test.restassured.ReqresTest3 -->
