<?xml version="1.0" encoding="UTF-8"?>
<!-- Generated by org.testng.reporters.JUnitReportReporter -->
<testsuite hostname="Suparnas-MBP.attlocal.net" name="com.test.testng.pkg1.Test1" tests="2" failures="0" timestamp="15 Apr 2023 17:00:01 GMT" time="0.005" errors="0">
  <testcase name="f" time="0.001" classname="com.test.testng.pkg1.Test1"/>
  <testcase name="f" time="0.004" classname="com.test.testng.pkg1.Test1"/>
</testsuite> <!-- com.test.testng.pkg1.Test1 -->
