<?xml version="1.0" encoding="UTF-8"?>
<!-- Generated by org.testng.reporters.JUnitReportReporter -->
<testsuite hostname="Suparnas-MBP.attlocal.net" name="com.test.restassured.RestAuth" tests="1" failures="0" timestamp="17 May 2023 03:29:03 GMT" time="2.029" errors="0">
  <testcase name="test_01singleJSONObject" time="2.029" classname="com.test.restassured.RestAuth"/>
</testsuite> <!-- com.test.restassured.RestAuth -->
