<?xml version="1.0" encoding="UTF-8"?>
<!-- Generated by org.testng.reporters.JUnitReportReporter -->
<testsuite hostname="Suparnas-MBP.attlocal.net" name="com.test.restassured.ReqresTest4" tests="4" failures="0" timestamp="21 Nov 2023 05:08:33 GMT" time="4.441" errors="0">
  <testcase name="updateUser" time="0.576" classname="com.test.restassured.ReqresTest4"/>
  <testcase name="createUser" time="2.677" classname="com.test.restassured.ReqresTest4"/>
  <testcase name="deleteUser" time="0.547" classname="com.test.restassured.ReqresTest4"/>
  <testcase name="testQueryAndPathParameters" time="0.641" classname="com.test.restassured.ReqresTest4"/>
</testsuite> <!-- com.test.restassured.ReqresTest4 -->
