<?xml version="1.0" encoding="UTF-8"?>
<!-- Generated by org.testng.reporters.JUnitReportReporter -->
<testsuite hostname="Suparnas-MBP.attlocal.net" name="com.test.restassured.ReqresTest2" tests="1" failures="0" timestamp="21 Nov 2023 02:36:33 GMT" time="2.584" errors="0">
  <testcase name="test_01singleJSONObject" time="2.584" classname="com.test.restassured.ReqresTest2"/>
</testsuite> <!-- com.test.restassured.ReqresTest2 -->
