<?xml version="1.0" encoding="UTF-8"?>
<!-- Generated by org.testng.reporters.JUnitReportReporter -->
<testsuite hostname="Suparnas-MBP.attlocal.net" name="com.test.restassured.AnnotationTest" tests="3" failures="0" timestamp="27 Mar 2023 02:38:42 GMT" time="0.005" errors="0">
  <testcase name="secondTest" time="0.001" classname="com.test.restassured.AnnotationTest"/>
  <testcase name="thirdTest" time="0.001" classname="com.test.restassured.AnnotationTest"/>
  <testcase name="firstTest" time="0.003" classname="com.test.restassured.AnnotationTest"/>
</testsuite> <!-- com.test.restassured.AnnotationTest -->
