<?xml version="1.0" encoding="UTF-8"?>
<!-- Generated by org.testng.reporters.JUnitReportReporter -->
<testsuite hostname="Suparnas-MBP.attlocal.net" name="com.test.restassured.ReqresPassingParameter" tests="2" failures="0" timestamp="16 May 2023 23:30:41 GMT" time="3.098" errors="0">
  <testcase name="test_05PutData" time="0.706" classname="com.test.restassured.ReqresPassingParameter"/>
  <testcase name="test_01PostData" time="2.392" classname="com.test.restassured.ReqresPassingParameter"/>
</testsuite> <!-- com.test.restassured.ReqresPassingParameter -->
